<!DOCTYPE html>

<html>
  <head>
  <meta charset='utf-8'>
  <title>TestNG reports</title>

    <link type="text/css" href="testng-reports1.css" rel="stylesheet" id="ultra" />
    <link type="text/css" href="testng-reports.css" rel="stylesheet" id="retro" disabled="false"/>
    <script type="text/javascript" src="jquery-3.6.0.min.js"></script>
    <script type="text/javascript" src="testng-reports.js"></script>
    <script type="text/javascript" src="https://www.google.com/jsapi"></script>
    <script type='text/javascript'>
      google.load('visualization', '1', {packages:['table']});
      google.setOnLoadCallback(drawTable);
      var suiteTableInitFunctions = new Array();
      var suiteTableData = new Array();
    </script>
    <!--
      <script type="text/javascript" src="jquery-ui/js/jquery-ui-1.8.16.custom.min.js"></script>
     -->
  </head>

  <body>    <div class="top-banner-root">
      <span class="top-banner-title-font">Test results</span>
      <button id="button" class="button">Switch Retro Theme</button> <!-- button -->
      <br/>
      <span class="top-banner-font-1">1 suite, 16 failed tests</span>
    </div> <!-- top-banner-root -->
    <div class="navigator-root">
      <div class="navigator-suite-header">
        <span>All suites</span>
        <a href="#" title="Collapse/expand all the suites" class="collapse-all-link">
          <img src="collapseall.gif" class="collapse-all-icon">
          </img> <!-- collapse-all-icon -->
        </a> <!-- collapse-all-link -->
      </div> <!-- navigator-suite-header -->
      <div class="suite">
        <div class="rounded-window">
          <div class="suite-header light-rounded-window-top">
            <a href="#" panel-name="suite-CrossBrowserTest" class="navigator-link">
              <span class="suite-name border-failed">CrossBrowserTest</span>
            </a> <!-- navigator-link -->
          </div> <!-- suite-header light-rounded-window-top -->
          <div class="navigator-suite-content">
            <div class="suite-section-title">
              <span>Info</span>
            </div> <!-- suite-section-title -->
            <div class="suite-section-content">
              <ul>
                <li>
                  <a href="#" panel-name="test-xml-CrossBrowserTest" class="navigator-link ">
                    <span>D:\JAVA_Seleniun_Workspace\Practice_Workspace\SauceDemoWebApp\crossBrowserTesting.xml</span>
                  </a> <!-- navigator-link  -->
                </li>
                <li>
                  <a href="#" panel-name="testlist-CrossBrowserTest" class="navigator-link ">
                    <span class="test-stats">3 tests</span>
                  </a> <!-- navigator-link  -->
                </li>
                <li>
                  <a href="#" panel-name="group-CrossBrowserTest" class="navigator-link ">
                    <span>0 groups</span>
                  </a> <!-- navigator-link  -->
                </li>
                <li>
                  <a href="#" panel-name="times-CrossBrowserTest" class="navigator-link ">
                    <span>Times</span>
                  </a> <!-- navigator-link  -->
                </li>
                <li>
                  <a href="#" panel-name="reporter-CrossBrowserTest" class="navigator-link ">
                    <span>Reporter output</span>
                  </a> <!-- navigator-link  -->
                </li>
                <li>
                  <a href="#" panel-name="ignored-methods-CrossBrowserTest" class="navigator-link ">
                    <span>Ignored methods</span>
                  </a> <!-- navigator-link  -->
                </li>
                <li>
                  <a href="#" panel-name="chronological-CrossBrowserTest" class="navigator-link ">
                    <span>Chronological view</span>
                  </a> <!-- navigator-link  -->
                </li>
              </ul>
            </div> <!-- suite-section-content -->
            <div class="result-section">
              <div class="suite-section-title">
                <span>Results</span>
              </div> <!-- suite-section-title -->
              <div class="suite-section-content">
                <ul>
                  <li>
                    <span class="method-stats">18 methods, 16 failed,   2 passed</span>
                  </li>
                  <li>
                    <span class="method-list-title failed">Failed methods</span>
                    <span class="show-or-hide-methods failed">
                      <a href="#" panel-name="suite-CrossBrowserTest" class="hide-methods failed suite-CrossBrowserTest"> (hide)</a> <!-- hide-methods failed suite-CrossBrowserTest -->
                      <a href="#" panel-name="suite-CrossBrowserTest" class="show-methods failed suite-CrossBrowserTest"> (show)</a> <!-- show-methods failed suite-CrossBrowserTest -->
                    </span>
                    <div class="method-list-content failed suite-CrossBrowserTest">
                      <span>
                        <img src="failed.png" width="3%"/>
                        <a href="#" panel-name="suite-CrossBrowserTest" title="TestCases.TC002_SD_PurchaseTest" class="method navigator-link" hash-for-method="PurchaseTest">PurchaseTest</a> <!-- method navigator-link -->
                      </span>
                      <br/>
                      <span>
                        <img src="failed.png" width="3%"/>
                        <a href="#" panel-name="suite-CrossBrowserTest" title="TestCases.TC002_SD_PurchaseTest" class="method navigator-link" hash-for-method="PurchaseTest">PurchaseTest</a> <!-- method navigator-link -->
                      </span>
                      <br/>
                      <span>
                        <img src="failed.png" width="3%"/>
                        <a href="#" panel-name="suite-CrossBrowserTest" title="TestCases.TC001_SD_LoginTestDDT" class="method navigator-link" hash-for-method="loginTest(, , , )">loginTest(, , , )</a> <!-- method navigator-link -->
                      </span>
                      <br/>
                      <span>
                        <img src="failed.png" width="3%"/>
                        <a href="#" panel-name="suite-CrossBrowserTest" title="TestCases.TC001_SD_LoginTestDDT" class="method navigator-link" hash-for-method="loginTest(standard_user, secret_sauce, valid, )">loginTest(standard_user, secret_sauce, valid, )</a> <!-- method navigator-link -->
                      </span>
                      <br/>
                      <span>
                        <img src="failed.png" width="3%"/>
                        <a href="#" panel-name="suite-CrossBrowserTest" title="TestCases.TC001_SD_LoginTestDDT" class="method navigator-link" hash-for-method="loginTest(afzal123, hi_anime, invalid, )">loginTest(afzal123, hi_anime, invalid, )</a> <!-- method navigator-link -->
                      </span>
                      <br/>
                      <span>
                        <img src="failed.png" width="3%"/>
                        <a href="#" panel-name="suite-CrossBrowserTest" title="TestCases.TC001_SD_LoginTestDDT" class="method navigator-link" hash-for-method="loginTest(standard_user, hello_123, invalid, )">loginTest(standard_user, hello_123, invalid, )</a> <!-- method navigator-link -->
                      </span>
                      <br/>
                      <span>
                        <img src="failed.png" width="3%"/>
                        <a href="#" panel-name="suite-CrossBrowserTest" title="TestCases.TC001_SD_LoginTestDDT" class="method navigator-link" hash-for-method="loginTest(hianime343, secret_sauce, inalid, )">loginTest(hianime343, secret_sauce, inalid, )</a> <!-- method navigator-link -->
                      </span>
                      <br/>
                      <span>
                        <img src="failed.png" width="3%"/>
                        <a href="#" panel-name="suite-CrossBrowserTest" title="TestCases.TC001_SD_LoginTestDDT" class="method navigator-link" hash-for-method="loginTest(standard_user, secret_sauce, valid, )">loginTest(standard_user, secret_sauce, valid, )</a> <!-- method navigator-link -->
                      </span>
                      <br/>
                      <span>
                        <img src="failed.png" width="3%"/>
                        <a href="#" panel-name="suite-CrossBrowserTest" title="TestCases.TC001_SD_LoginTestDDT" class="method navigator-link" hash-for-method="loginTest(afzal123, hi_anime, invalid, )">loginTest(afzal123, hi_anime, invalid, )</a> <!-- method navigator-link -->
                      </span>
                      <br/>
                      <span>
                        <img src="failed.png" width="3%"/>
                        <a href="#" panel-name="suite-CrossBrowserTest" title="TestCases.TC001_SD_LoginTestDDT" class="method navigator-link" hash-for-method="loginTest(, , , )">loginTest(, , , )</a> <!-- method navigator-link -->
                      </span>
                      <br/>
                      <span>
                        <img src="failed.png" width="3%"/>
                        <a href="#" panel-name="suite-CrossBrowserTest" title="TestCases.TC001_SD_LoginTestDDT" class="method navigator-link" hash-for-method="loginTest(standard_user, hello_123, invalid, )">loginTest(standard_user, hello_123, invalid, )</a> <!-- method navigator-link -->
                      </span>
                      <br/>
                      <span>
                        <img src="failed.png" width="3%"/>
                        <a href="#" panel-name="suite-CrossBrowserTest" title="TestCases.TC001_SD_LoginTestDDT" class="method navigator-link" hash-for-method="loginTest(hianime343, secret_sauce, inalid, )">loginTest(hianime343, secret_sauce, inalid, )</a> <!-- method navigator-link -->
                      </span>
                      <br/>
                      <span>
                        <img src="failed.png" width="3%"/>
                        <a href="#" panel-name="suite-CrossBrowserTest" title="TestCases.TC001_SD_LoginTestDDT" class="method navigator-link" hash-for-method="loginTest(standard_user, hello_123, invalid, )">loginTest(standard_user, hello_123, invalid, )</a> <!-- method navigator-link -->
                      </span>
                      <br/>
                      <span>
                        <img src="failed.png" width="3%"/>
                        <a href="#" panel-name="suite-CrossBrowserTest" title="TestCases.TC001_SD_LoginTestDDT" class="method navigator-link" hash-for-method="loginTest(hianime343, secret_sauce, inalid, )">loginTest(hianime343, secret_sauce, inalid, )</a> <!-- method navigator-link -->
                      </span>
                      <br/>
                      <span>
                        <img src="failed.png" width="3%"/>
                        <a href="#" panel-name="suite-CrossBrowserTest" title="TestCases.TC001_SD_LoginTestDDT" class="method navigator-link" hash-for-method="loginTest(, , , )">loginTest(, , , )</a> <!-- method navigator-link -->
                      </span>
                      <br/>
                      <span>
                        <img src="failed.png" width="3%"/>
                        <a href="#" panel-name="suite-CrossBrowserTest" title="TestCases.TC001_SD_LoginTestDDT" class="method navigator-link" hash-for-method="loginTest(afzal123, hi_anime, invalid, )">loginTest(afzal123, hi_anime, invalid, )</a> <!-- method navigator-link -->
                      </span>
                      <br/>
                    </div> <!-- method-list-content failed suite-CrossBrowserTest -->
                  </li>
                  <li>
                    <span class="method-list-title passed">Passed methods</span>
                    <span class="show-or-hide-methods passed">
                      <a href="#" panel-name="suite-CrossBrowserTest" class="hide-methods passed suite-CrossBrowserTest"> (hide)</a> <!-- hide-methods passed suite-CrossBrowserTest -->
                      <a href="#" panel-name="suite-CrossBrowserTest" class="show-methods passed suite-CrossBrowserTest"> (show)</a> <!-- show-methods passed suite-CrossBrowserTest -->
                    </span>
                    <div class="method-list-content passed suite-CrossBrowserTest">
                      <span>
                        <img src="passed.png" width="3%"/>
                        <a href="#" panel-name="suite-CrossBrowserTest" title="TestCases.TC002_SD_PurchaseTest" class="method navigator-link" hash-for-method="PurchaseTest">PurchaseTest</a> <!-- method navigator-link -->
                      </span>
                      <br/>
                      <span>
                        <img src="passed.png" width="3%"/>
                        <a href="#" panel-name="suite-CrossBrowserTest" title="TestCases.TC001_SD_LoginTestDDT" class="method navigator-link" hash-for-method="loginTest(standard_user, secret_sauce, valid, )">loginTest(standard_user, secret_sauce, valid, )</a> <!-- method navigator-link -->
                      </span>
                      <br/>
                    </div> <!-- method-list-content passed suite-CrossBrowserTest -->
                  </li>
                </ul>
              </div> <!-- suite-section-content -->
            </div> <!-- result-section -->
          </div> <!-- navigator-suite-content -->
        </div> <!-- rounded-window -->
      </div> <!-- suite -->
    </div> <!-- navigator-root -->
    <div class="wrapper">
      <div class="main-panel-root">
        <div panel-name="suite-CrossBrowserTest" class="panel CrossBrowserTest">
          <div class="suite-CrossBrowserTest-class-failed">
            <div class="main-panel-header rounded-window-top">
              <img src="failed.png"/>
              <span class="class-name">TestCases.TC002_SD_PurchaseTest</span>
            </div> <!-- main-panel-header rounded-window-top -->
            <div class="main-panel-content rounded-window-bottom">
              <div class="method">
                <div class="method-content">
                  <a name="PurchaseTest">
                  </a> <!-- PurchaseTest -->
                  <span class="method-name">PurchaseTest</span>
                  <div class="stack-trace">org.openqa.selenium.NoSuchElementException: no such element: Unable to locate element: {&quot;method&quot;:&quot;xpath&quot;,&quot;selector&quot;:&quot;//button[@id=&apos;add-to-cart-sauce-labs-bolt-t-shirt&apos;]&quot;}
  (Session info: chrome=130.0.6723.59)
For documentation on this error, please visit: https://www.selenium.dev/documentation/webdriver/troubleshooting/errors#no-such-element-exception
Build info: version: &apos;4.23.1&apos;, revision: &apos;656257d8e9&apos;
System info: os.name: &apos;Windows 11&apos;, os.arch: &apos;amd64&apos;, os.version: &apos;10.0&apos;, java.version: &apos;17.0.10&apos;
Driver info: org.openqa.selenium.chrome.ChromeDriver
Command: [6774d87cdbe9f4c12e9cb6f80d9628cc, findElement {value=//button[@id=&apos;add-to-cart-sauce-labs-bolt-t-shirt&apos;], using=xpath}]
Capabilities {acceptInsecureCerts: false, browserName: chrome, browserVersion: 130.0.6723.59, chrome: {chromedriverVersion: 130.0.6723.69 (3ec172b971b9..., userDataDir: C:\Users\mohda\AppData\Loca...}, fedcm:accounts: true, goog:chromeOptions: {debuggerAddress: localhost:57114}, networkConnectionEnabled: false, pageLoadStrategy: normal, platformName: windows, proxy: Proxy(), se:cdp: ws://localhost:57114/devtoo..., se:cdpVersion: 130.0.6723.59, setWindowRect: true, strictFileInteractability: false, timeouts: {implicit: 0, pageLoad: 300000, script: 30000}, unhandledPromptBehavior: dismiss and notify, webauthn:extension:credBlob: true, webauthn:extension:largeBlob: true, webauthn:extension:minPinLength: true, webauthn:extension:prf: true, webauthn:virtualAuthenticators: true}
Session ID: 6774d87cdbe9f4c12e9cb6f80d9628cc
	at org.openqa.selenium.remote.ErrorCodec.decode(ErrorCodec.java:167)
	at org.openqa.selenium.remote.codec.w3c.W3CHttpResponseCodec.decode(W3CHttpResponseCodec.java:138)
	at org.openqa.selenium.remote.codec.w3c.W3CHttpResponseCodec.decode(W3CHttpResponseCodec.java:50)
	at org.openqa.selenium.remote.HttpCommandExecutor.execute(HttpCommandExecutor.java:190)
	at org.openqa.selenium.remote.service.DriverCommandExecutor.invokeExecute(DriverCommandExecutor.java:216)
	at org.openqa.selenium.remote.service.DriverCommandExecutor.execute(DriverCommandExecutor.java:174)
	at org.openqa.selenium.remote.RemoteWebDriver.execute(RemoteWebDriver.java:545)
	at org.openqa.selenium.remote.ElementLocation$ElementFinder$2.findElement(ElementLocation.java:165)
	at org.openqa.selenium.remote.ElementLocation.findElement(ElementLocation.java:59)
	at org.openqa.selenium.remote.RemoteWebDriver.findElement(RemoteWebDriver.java:368)
	at org.openqa.selenium.remote.RemoteWebDriver.findElement(RemoteWebDriver.java:362)
	at org.openqa.selenium.support.pagefactory.DefaultElementLocator.findElement(DefaultElementLocator.java:68)
	at org.openqa.selenium.support.pagefactory.internal.LocatingElementHandler.invoke(LocatingElementHandler.java:38)
	at jdk.proxy2/jdk.proxy2.$Proxy31.click(Unknown Source)
	at PageObjects.HomePage.addToCart_click(HomePage.java:37)
	at TestCases.TC002_SD_PurchaseTest.PurchaseTest(TC002_SD_PurchaseTest.java:37)
	at java.base/java.util.ArrayList.forEach(ArrayList.java:1511)
	at java.base/java.util.concurrent.FutureTask.run(FutureTask.java:264)
	at java.base/java.util.concurrent.ThreadPoolExecutor.runWorker(ThreadPoolExecutor.java:1136)
	at java.base/java.util.concurrent.ThreadPoolExecutor$Worker.run(ThreadPoolExecutor.java:635)
	at java.base/java.lang.Thread.run(Thread.java:840)
... Removed 22 stack frames
</div> <!-- stack-trace -->
                </div> <!-- method-content -->
              </div> <!-- method -->
              <div class="method">
                <div class="method-content">
                  <a name="PurchaseTest">
                  </a> <!-- PurchaseTest -->
                  <span class="method-name">PurchaseTest</span>
                  <div class="stack-trace">org.openqa.selenium.NoSuchElementException: no such element: Unable to locate element: {&quot;method&quot;:&quot;xpath&quot;,&quot;selector&quot;:&quot;//button[@id=&apos;add-to-cart-sauce-labs-bolt-t-shirt&apos;]&quot;}
  (Session info: chrome=130.0.6723.59)
For documentation on this error, please visit: https://www.selenium.dev/documentation/webdriver/troubleshooting/errors#no-such-element-exception
Build info: version: &apos;4.23.1&apos;, revision: &apos;656257d8e9&apos;
System info: os.name: &apos;Windows 11&apos;, os.arch: &apos;amd64&apos;, os.version: &apos;10.0&apos;, java.version: &apos;17.0.10&apos;
Driver info: org.openqa.selenium.chrome.ChromeDriver
Command: [6774d87cdbe9f4c12e9cb6f80d9628cc, findElement {value=//button[@id=&apos;add-to-cart-sauce-labs-bolt-t-shirt&apos;], using=xpath}]
Capabilities {acceptInsecureCerts: false, browserName: chrome, browserVersion: 130.0.6723.59, chrome: {chromedriverVersion: 130.0.6723.69 (3ec172b971b9..., userDataDir: C:\Users\mohda\AppData\Loca...}, fedcm:accounts: true, goog:chromeOptions: {debuggerAddress: localhost:57114}, networkConnectionEnabled: false, pageLoadStrategy: normal, platformName: windows, proxy: Proxy(), se:cdp: ws://localhost:57114/devtoo..., se:cdpVersion: 130.0.6723.59, setWindowRect: true, strictFileInteractability: false, timeouts: {implicit: 0, pageLoad: 300000, script: 30000}, unhandledPromptBehavior: dismiss and notify, webauthn:extension:credBlob: true, webauthn:extension:largeBlob: true, webauthn:extension:minPinLength: true, webauthn:extension:prf: true, webauthn:virtualAuthenticators: true}
Session ID: 6774d87cdbe9f4c12e9cb6f80d9628cc
	at org.openqa.selenium.remote.ErrorCodec.decode(ErrorCodec.java:167)
	at org.openqa.selenium.remote.codec.w3c.W3CHttpResponseCodec.decode(W3CHttpResponseCodec.java:138)
	at org.openqa.selenium.remote.codec.w3c.W3CHttpResponseCodec.decode(W3CHttpResponseCodec.java:50)
	at org.openqa.selenium.remote.HttpCommandExecutor.execute(HttpCommandExecutor.java:190)
	at org.openqa.selenium.remote.service.DriverCommandExecutor.invokeExecute(DriverCommandExecutor.java:216)
	at org.openqa.selenium.remote.service.DriverCommandExecutor.execute(DriverCommandExecutor.java:174)
	at org.openqa.selenium.remote.RemoteWebDriver.execute(RemoteWebDriver.java:545)
	at org.openqa.selenium.remote.ElementLocation$ElementFinder$2.findElement(ElementLocation.java:165)
	at org.openqa.selenium.remote.ElementLocation.findElement(ElementLocation.java:59)
	at org.openqa.selenium.remote.RemoteWebDriver.findElement(RemoteWebDriver.java:368)
	at org.openqa.selenium.remote.RemoteWebDriver.findElement(RemoteWebDriver.java:362)
	at org.openqa.selenium.support.pagefactory.DefaultElementLocator.findElement(DefaultElementLocator.java:68)
	at org.openqa.selenium.support.pagefactory.internal.LocatingElementHandler.invoke(LocatingElementHandler.java:38)
	at jdk.proxy2/jdk.proxy2.$Proxy31.click(Unknown Source)
	at PageObjects.HomePage.addToCart_click(HomePage.java:37)
	at TestCases.TC002_SD_PurchaseTest.PurchaseTest(TC002_SD_PurchaseTest.java:37)
	at java.base/java.util.ArrayList.forEach(ArrayList.java:1511)
	at java.base/java.util.concurrent.FutureTask.run(FutureTask.java:264)
	at java.base/java.util.concurrent.ThreadPoolExecutor.runWorker(ThreadPoolExecutor.java:1136)
	at java.base/java.util.concurrent.ThreadPoolExecutor$Worker.run(ThreadPoolExecutor.java:635)
	at java.base/java.lang.Thread.run(Thread.java:840)
... Removed 22 stack frames
</div> <!-- stack-trace -->
                </div> <!-- method-content -->
              </div> <!-- method -->
            </div> <!-- main-panel-content rounded-window-bottom -->
          </div> <!-- suite-CrossBrowserTest-class-failed -->
          <div class="suite-CrossBrowserTest-class-failed">
            <div class="main-panel-header rounded-window-top">
              <img src="failed.png"/>
              <span class="class-name">TestCases.TC001_SD_LoginTestDDT</span>
            </div> <!-- main-panel-header rounded-window-top -->
            <div class="main-panel-content rounded-window-bottom">
              <div class="method">
                <div class="method-content">
                  <a name="loginTest(, , , )">
                  </a> <!-- loginTest(, , , ) -->
                  <span class="method-name">loginTest</span>
                  <span class="parameters">(,,,)</span>
                  <div class="stack-trace">java.lang.AssertionError: null
	at TestCases.TC001_SD_LoginTestDDT.loginTest(TC001_SD_LoginTestDDT.java:44)
	at java.base/java.util.ArrayList.forEach(ArrayList.java:1511)
	at java.base/java.util.concurrent.FutureTask.run(FutureTask.java:264)
	at java.base/java.util.concurrent.ThreadPoolExecutor.runWorker(ThreadPoolExecutor.java:1136)
	at java.base/java.util.concurrent.ThreadPoolExecutor$Worker.run(ThreadPoolExecutor.java:635)
	at java.base/java.lang.Thread.run(Thread.java:840)
... Removed 19 stack frames
</div> <!-- stack-trace -->
                </div> <!-- method-content -->
              </div> <!-- method -->
              <div class="method">
                <div class="method-content">
                  <a name="loginTest(standard_user, secret_sauce, valid, )">
                  </a> <!-- loginTest(standard_user, secret_sauce, valid, ) -->
                  <span class="method-name">loginTest</span>
                  <span class="parameters">(standard_user,secret_sauce,valid,)</span>
                  <div class="stack-trace">java.lang.AssertionError: null
	at TestCases.TC001_SD_LoginTestDDT.loginTest(TC001_SD_LoginTestDDT.java:44)
	at java.base/java.util.ArrayList.forEach(ArrayList.java:1511)
	at java.base/java.util.concurrent.FutureTask.run(FutureTask.java:264)
	at java.base/java.util.concurrent.ThreadPoolExecutor.runWorker(ThreadPoolExecutor.java:1136)
	at java.base/java.util.concurrent.ThreadPoolExecutor$Worker.run(ThreadPoolExecutor.java:635)
	at java.base/java.lang.Thread.run(Thread.java:840)
... Removed 19 stack frames
</div> <!-- stack-trace -->
                </div> <!-- method-content -->
              </div> <!-- method -->
              <div class="method">
                <div class="method-content">
                  <a name="loginTest(afzal123, hi_anime, invalid, )">
                  </a> <!-- loginTest(afzal123, hi_anime, invalid, ) -->
                  <span class="method-name">loginTest</span>
                  <span class="parameters">(afzal123,hi_anime,invalid,)</span>
                  <div class="stack-trace">java.lang.AssertionError: null
	at TestCases.TC001_SD_LoginTestDDT.loginTest(TC001_SD_LoginTestDDT.java:44)
	at java.base/java.util.ArrayList.forEach(ArrayList.java:1511)
	at java.base/java.util.concurrent.FutureTask.run(FutureTask.java:264)
	at java.base/java.util.concurrent.ThreadPoolExecutor.runWorker(ThreadPoolExecutor.java:1136)
	at java.base/java.util.concurrent.ThreadPoolExecutor$Worker.run(ThreadPoolExecutor.java:635)
	at java.base/java.lang.Thread.run(Thread.java:840)
... Removed 19 stack frames
</div> <!-- stack-trace -->
                </div> <!-- method-content -->
              </div> <!-- method -->
              <div class="method">
                <div class="method-content">
                  <a name="loginTest(standard_user, hello_123, invalid, )">
                  </a> <!-- loginTest(standard_user, hello_123, invalid, ) -->
                  <span class="method-name">loginTest</span>
                  <span class="parameters">(standard_user,hello_123,invalid,)</span>
                  <div class="stack-trace">java.lang.AssertionError: null
	at TestCases.TC001_SD_LoginTestDDT.loginTest(TC001_SD_LoginTestDDT.java:44)
	at java.base/java.util.ArrayList.forEach(ArrayList.java:1511)
	at java.base/java.util.concurrent.FutureTask.run(FutureTask.java:264)
	at java.base/java.util.concurrent.ThreadPoolExecutor.runWorker(ThreadPoolExecutor.java:1136)
	at java.base/java.util.concurrent.ThreadPoolExecutor$Worker.run(ThreadPoolExecutor.java:635)
	at java.base/java.lang.Thread.run(Thread.java:840)
... Removed 19 stack frames
</div> <!-- stack-trace -->
                </div> <!-- method-content -->
              </div> <!-- method -->
              <div class="method">
                <div class="method-content">
                  <a name="loginTest(hianime343, secret_sauce, inalid, )">
                  </a> <!-- loginTest(hianime343, secret_sauce, inalid, ) -->
                  <span class="method-name">loginTest</span>
                  <span class="parameters">(hianime343,secret_sauce,inalid,)</span>
                  <div class="stack-trace">java.lang.AssertionError: null
	at TestCases.TC001_SD_LoginTestDDT.loginTest(TC001_SD_LoginTestDDT.java:44)
	at java.base/java.util.ArrayList.forEach(ArrayList.java:1511)
	at java.base/java.util.concurrent.FutureTask.run(FutureTask.java:264)
	at java.base/java.util.concurrent.ThreadPoolExecutor.runWorker(ThreadPoolExecutor.java:1136)
	at java.base/java.util.concurrent.ThreadPoolExecutor$Worker.run(ThreadPoolExecutor.java:635)
	at java.base/java.lang.Thread.run(Thread.java:840)
... Removed 19 stack frames
</div> <!-- stack-trace -->
                </div> <!-- method-content -->
              </div> <!-- method -->
              <div class="method">
                <div class="method-content">
                  <a name="loginTest(standard_user, secret_sauce, valid, )">
                  </a> <!-- loginTest(standard_user, secret_sauce, valid, ) -->
                  <span class="method-name">loginTest</span>
                  <span class="parameters">(standard_user,secret_sauce,valid,)</span>
                  <div class="stack-trace">java.lang.AssertionError: null
	at TestCases.TC001_SD_LoginTestDDT.loginTest(TC001_SD_LoginTestDDT.java:44)
	at java.base/java.util.ArrayList.forEach(ArrayList.java:1511)
	at java.base/java.util.concurrent.FutureTask.run(FutureTask.java:264)
	at java.base/java.util.concurrent.ThreadPoolExecutor.runWorker(ThreadPoolExecutor.java:1136)
	at java.base/java.util.concurrent.ThreadPoolExecutor$Worker.run(ThreadPoolExecutor.java:635)
	at java.base/java.lang.Thread.run(Thread.java:840)
... Removed 19 stack frames
</div> <!-- stack-trace -->
                </div> <!-- method-content -->
              </div> <!-- method -->
              <div class="method">
                <div class="method-content">
                  <a name="loginTest(afzal123, hi_anime, invalid, )">
                  </a> <!-- loginTest(afzal123, hi_anime, invalid, ) -->
                  <span class="method-name">loginTest</span>
                  <span class="parameters">(afzal123,hi_anime,invalid,)</span>
                  <div class="stack-trace">java.lang.AssertionError: null
	at TestCases.TC001_SD_LoginTestDDT.loginTest(TC001_SD_LoginTestDDT.java:44)
	at java.base/java.util.ArrayList.forEach(ArrayList.java:1511)
	at java.base/java.util.concurrent.FutureTask.run(FutureTask.java:264)
	at java.base/java.util.concurrent.ThreadPoolExecutor.runWorker(ThreadPoolExecutor.java:1136)
	at java.base/java.util.concurrent.ThreadPoolExecutor$Worker.run(ThreadPoolExecutor.java:635)
	at java.base/java.lang.Thread.run(Thread.java:840)
... Removed 19 stack frames
</div> <!-- stack-trace -->
                </div> <!-- method-content -->
              </div> <!-- method -->
              <div class="method">
                <div class="method-content">
                  <a name="loginTest(, , , )">
                  </a> <!-- loginTest(, , , ) -->
                  <span class="method-name">loginTest</span>
                  <span class="parameters">(,,,)</span>
                  <div class="stack-trace">java.lang.AssertionError: null
	at TestCases.TC001_SD_LoginTestDDT.loginTest(TC001_SD_LoginTestDDT.java:44)
	at java.base/java.util.ArrayList.forEach(ArrayList.java:1511)
	at java.base/java.util.concurrent.FutureTask.run(FutureTask.java:264)
	at java.base/java.util.concurrent.ThreadPoolExecutor.runWorker(ThreadPoolExecutor.java:1136)
	at java.base/java.util.concurrent.ThreadPoolExecutor$Worker.run(ThreadPoolExecutor.java:635)
	at java.base/java.lang.Thread.run(Thread.java:840)
... Removed 19 stack frames
</div> <!-- stack-trace -->
                </div> <!-- method-content -->
              </div> <!-- method -->
              <div class="method">
                <div class="method-content">
                  <a name="loginTest(standard_user, hello_123, invalid, )">
                  </a> <!-- loginTest(standard_user, hello_123, invalid, ) -->
                  <span class="method-name">loginTest</span>
                  <span class="parameters">(standard_user,hello_123,invalid,)</span>
                  <div class="stack-trace">java.lang.AssertionError: null
	at TestCases.TC001_SD_LoginTestDDT.loginTest(TC001_SD_LoginTestDDT.java:44)
	at java.base/java.util.ArrayList.forEach(ArrayList.java:1511)
	at java.base/java.util.concurrent.FutureTask.run(FutureTask.java:264)
	at java.base/java.util.concurrent.ThreadPoolExecutor.runWorker(ThreadPoolExecutor.java:1136)
	at java.base/java.util.concurrent.ThreadPoolExecutor$Worker.run(ThreadPoolExecutor.java:635)
	at java.base/java.lang.Thread.run(Thread.java:840)
... Removed 19 stack frames
</div> <!-- stack-trace -->
                </div> <!-- method-content -->
              </div> <!-- method -->
              <div class="method">
                <div class="method-content">
                  <a name="loginTest(hianime343, secret_sauce, inalid, )">
                  </a> <!-- loginTest(hianime343, secret_sauce, inalid, ) -->
                  <span class="method-name">loginTest</span>
                  <span class="parameters">(hianime343,secret_sauce,inalid,)</span>
                  <div class="stack-trace">java.lang.AssertionError: null
	at TestCases.TC001_SD_LoginTestDDT.loginTest(TC001_SD_LoginTestDDT.java:44)
	at java.base/java.util.ArrayList.forEach(ArrayList.java:1511)
	at java.base/java.util.concurrent.FutureTask.run(FutureTask.java:264)
	at java.base/java.util.concurrent.ThreadPoolExecutor.runWorker(ThreadPoolExecutor.java:1136)
	at java.base/java.util.concurrent.ThreadPoolExecutor$Worker.run(ThreadPoolExecutor.java:635)
	at java.base/java.lang.Thread.run(Thread.java:840)
... Removed 19 stack frames
</div> <!-- stack-trace -->
                </div> <!-- method-content -->
              </div> <!-- method -->
              <div class="method">
                <div class="method-content">
                  <a name="loginTest(standard_user, hello_123, invalid, )">
                  </a> <!-- loginTest(standard_user, hello_123, invalid, ) -->
                  <span class="method-name">loginTest</span>
                  <span class="parameters">(standard_user,hello_123,invalid,)</span>
                  <div class="stack-trace">java.lang.AssertionError: null
	at TestCases.TC001_SD_LoginTestDDT.loginTest(TC001_SD_LoginTestDDT.java:44)
	at java.base/java.util.ArrayList.forEach(ArrayList.java:1511)
	at java.base/java.util.concurrent.FutureTask.run(FutureTask.java:264)
	at java.base/java.util.concurrent.ThreadPoolExecutor.runWorker(ThreadPoolExecutor.java:1136)
	at java.base/java.util.concurrent.ThreadPoolExecutor$Worker.run(ThreadPoolExecutor.java:635)
	at java.base/java.lang.Thread.run(Thread.java:840)
... Removed 19 stack frames
</div> <!-- stack-trace -->
                </div> <!-- method-content -->
              </div> <!-- method -->
              <div class="method">
                <div class="method-content">
                  <a name="loginTest(hianime343, secret_sauce, inalid, )">
                  </a> <!-- loginTest(hianime343, secret_sauce, inalid, ) -->
                  <span class="method-name">loginTest</span>
                  <span class="parameters">(hianime343,secret_sauce,inalid,)</span>
                  <div class="stack-trace">java.lang.AssertionError: null
	at TestCases.TC001_SD_LoginTestDDT.loginTest(TC001_SD_LoginTestDDT.java:44)
	at java.base/java.util.ArrayList.forEach(ArrayList.java:1511)
	at java.base/java.util.concurrent.FutureTask.run(FutureTask.java:264)
	at java.base/java.util.concurrent.ThreadPoolExecutor.runWorker(ThreadPoolExecutor.java:1136)
	at java.base/java.util.concurrent.ThreadPoolExecutor$Worker.run(ThreadPoolExecutor.java:635)
	at java.base/java.lang.Thread.run(Thread.java:840)
... Removed 19 stack frames
</div> <!-- stack-trace -->
                </div> <!-- method-content -->
              </div> <!-- method -->
              <div class="method">
                <div class="method-content">
                  <a name="loginTest(, , , )">
                  </a> <!-- loginTest(, , , ) -->
                  <span class="method-name">loginTest</span>
                  <span class="parameters">(,,,)</span>
                  <div class="stack-trace">java.lang.AssertionError: null
	at TestCases.TC001_SD_LoginTestDDT.loginTest(TC001_SD_LoginTestDDT.java:44)
	at java.base/java.util.ArrayList.forEach(ArrayList.java:1511)
	at java.base/java.util.concurrent.FutureTask.run(FutureTask.java:264)
	at java.base/java.util.concurrent.ThreadPoolExecutor.runWorker(ThreadPoolExecutor.java:1136)
	at java.base/java.util.concurrent.ThreadPoolExecutor$Worker.run(ThreadPoolExecutor.java:635)
	at java.base/java.lang.Thread.run(Thread.java:840)
... Removed 19 stack frames
</div> <!-- stack-trace -->
                </div> <!-- method-content -->
              </div> <!-- method -->
              <div class="method">
                <div class="method-content">
                  <a name="loginTest(afzal123, hi_anime, invalid, )">
                  </a> <!-- loginTest(afzal123, hi_anime, invalid, ) -->
                  <span class="method-name">loginTest</span>
                  <span class="parameters">(afzal123,hi_anime,invalid,)</span>
                  <div class="stack-trace">java.lang.AssertionError: null
	at TestCases.TC001_SD_LoginTestDDT.loginTest(TC001_SD_LoginTestDDT.java:44)
	at java.base/java.util.ArrayList.forEach(ArrayList.java:1511)
	at java.base/java.util.concurrent.FutureTask.run(FutureTask.java:264)
	at java.base/java.util.concurrent.ThreadPoolExecutor.runWorker(ThreadPoolExecutor.java:1136)
	at java.base/java.util.concurrent.ThreadPoolExecutor$Worker.run(ThreadPoolExecutor.java:635)
	at java.base/java.lang.Thread.run(Thread.java:840)
... Removed 19 stack frames
</div> <!-- stack-trace -->
                </div> <!-- method-content -->
              </div> <!-- method -->
            </div> <!-- main-panel-content rounded-window-bottom -->
          </div> <!-- suite-CrossBrowserTest-class-failed -->
          <div class="suite-CrossBrowserTest-class-passed">
            <div class="main-panel-header rounded-window-top">
              <img src="passed.png"/>
              <span class="class-name">TestCases.TC002_SD_PurchaseTest</span>
            </div> <!-- main-panel-header rounded-window-top -->
            <div class="main-panel-content rounded-window-bottom">
              <div class="method">
                <div class="method-content">
                  <a name="PurchaseTest">
                  </a> <!-- PurchaseTest -->
                  <span class="method-name">PurchaseTest</span>
                </div> <!-- method-content -->
              </div> <!-- method -->
            </div> <!-- main-panel-content rounded-window-bottom -->
          </div> <!-- suite-CrossBrowserTest-class-passed -->
          <div class="suite-CrossBrowserTest-class-passed">
            <div class="main-panel-header rounded-window-top">
              <img src="passed.png"/>
              <span class="class-name">TestCases.TC001_SD_LoginTestDDT</span>
            </div> <!-- main-panel-header rounded-window-top -->
            <div class="main-panel-content rounded-window-bottom">
              <div class="method">
                <div class="method-content">
                  <a name="loginTest(standard_user, secret_sauce, valid, )">
                  </a> <!-- loginTest(standard_user, secret_sauce, valid, ) -->
                  <span class="method-name">loginTest</span>
                  <span class="parameters">(standard_user,secret_sauce,valid,)</span>
                </div> <!-- method-content -->
              </div> <!-- method -->
            </div> <!-- main-panel-content rounded-window-bottom -->
          </div> <!-- suite-CrossBrowserTest-class-passed -->
        </div> <!-- panel CrossBrowserTest -->
        <div panel-name="test-xml-CrossBrowserTest" class="panel">
          <div class="main-panel-header rounded-window-top">
            <span class="header-content">D:\JAVA_Seleniun_Workspace\Practice_Workspace\SauceDemoWebApp\crossBrowserTesting.xml</span>
          </div> <!-- main-panel-header rounded-window-top -->
          <div class="main-panel-content rounded-window-bottom">
            <pre>
&lt;?xml version=&quot;1.0&quot; encoding=&quot;UTF-8&quot;?&gt;
&lt;!DOCTYPE suite SYSTEM &quot;https://testng.org/testng-1.0.dtd&quot;&gt;
&lt;suite parallel=&quot;tests&quot; name=&quot;CrossBrowserTest&quot; guice-stage=&quot;DEVELOPMENT&quot;&gt;
  &lt;listeners&gt;
    &lt;listener class-name=&quot;utilities.ExtentReportManager&quot;/&gt;
  &lt;/listeners&gt;
  &lt;test thread-count=&quot;5&quot; parallel=&quot;tests&quot; name=&quot;ChromeTest&quot;&gt;
    &lt;parameter name=&quot;os&quot; value=&quot;windows&quot;/&gt;
    &lt;parameter name=&quot;browser&quot; value=&quot;chrome&quot;/&gt;
    &lt;classes&gt;
      &lt;class name=&quot;TestCases.TC001_SD_LoginTestDDT&quot;/&gt;
      &lt;class name=&quot;TestCases.TC002_SD_PurchaseTest&quot;/&gt;
    &lt;/classes&gt;
  &lt;/test&gt; &lt;!-- ChromeTest --&gt;
  &lt;test thread-count=&quot;5&quot; parallel=&quot;tests&quot; name=&quot;edgeTest&quot;&gt;
    &lt;parameter name=&quot;os&quot; value=&quot;windows&quot;/&gt;
    &lt;parameter name=&quot;browser&quot; value=&quot;edge&quot;/&gt;
    &lt;classes&gt;
      &lt;class name=&quot;TestCases.TC001_SD_LoginTestDDT&quot;/&gt;
      &lt;class name=&quot;TestCases.TC002_SD_PurchaseTest&quot;/&gt;
    &lt;/classes&gt;
  &lt;/test&gt; &lt;!-- edgeTest --&gt;
  &lt;test thread-count=&quot;5&quot; parallel=&quot;tests&quot; name=&quot;firefoxTest&quot;&gt;
    &lt;parameter name=&quot;os&quot; value=&quot;windows&quot;/&gt;
    &lt;parameter name=&quot;browser&quot; value=&quot;firefox&quot;/&gt;
    &lt;classes&gt;
      &lt;class name=&quot;TestCases.TC001_SD_LoginTestDDT&quot;/&gt;
      &lt;class name=&quot;TestCases.TC002_SD_PurchaseTest&quot;/&gt;
    &lt;/classes&gt;
  &lt;/test&gt; &lt;!-- firefoxTest --&gt;
&lt;/suite&gt; &lt;!-- CrossBrowserTest --&gt;
            </pre>
          </div> <!-- main-panel-content rounded-window-bottom -->
        </div> <!-- panel -->
        <div panel-name="testlist-CrossBrowserTest" class="panel">
          <div class="main-panel-header rounded-window-top">
            <span class="header-content">Tests for CrossBrowserTest</span>
          </div> <!-- main-panel-header rounded-window-top -->
          <div class="main-panel-content rounded-window-bottom">
            <ul>
              <li>
                <span class="test-name">ChromeTest (2 classes)</span>
              </li>
              <li>
                <span class="test-name">edgeTest (2 classes)</span>
              </li>
              <li>
                <span class="test-name">firefoxTest (2 classes)</span>
              </li>
            </ul>
          </div> <!-- main-panel-content rounded-window-bottom -->
        </div> <!-- panel -->
        <div panel-name="group-CrossBrowserTest" class="panel">
          <div class="main-panel-header rounded-window-top">
            <span class="header-content">Groups for CrossBrowserTest</span>
          </div> <!-- main-panel-header rounded-window-top -->
          <div class="main-panel-content rounded-window-bottom">
          </div> <!-- main-panel-content rounded-window-bottom -->
        </div> <!-- panel -->
        <div panel-name="times-CrossBrowserTest" class="panel">
          <div class="main-panel-header rounded-window-top">
            <span class="header-content">Times for CrossBrowserTest</span>
          </div> <!-- main-panel-header rounded-window-top -->
          <div class="main-panel-content rounded-window-bottom">
            <div class="times-div">
              <script type="text/javascript">
suiteTableInitFunctions.push('tableData_CrossBrowserTest');
function tableData_CrossBrowserTest() {
var data = new google.visualization.DataTable();
data.addColumn('number', 'Number');
data.addColumn('string', 'Method');
data.addColumn('string', 'Class');
data.addColumn('number', 'Time (ms)');
data.addRows(18);
data.setCell(0, 0, 0)
data.setCell(0, 1, 'PurchaseTest')
data.setCell(0, 2, 'TestCases.TC002_SD_PurchaseTest')
data.setCell(0, 3, 20769);
data.setCell(1, 0, 1)
data.setCell(1, 1, 'PurchaseTest')
data.setCell(1, 2, 'TestCases.TC002_SD_PurchaseTest')
data.setCell(1, 3, 10630);
data.setCell(2, 0, 2)
data.setCell(2, 1, 'loginTest')
data.setCell(2, 2, 'TestCases.TC001_SD_LoginTestDDT')
data.setCell(2, 3, 5049);
data.setCell(3, 0, 3)
data.setCell(3, 1, 'loginTest')
data.setCell(3, 2, 'TestCases.TC001_SD_LoginTestDDT')
data.setCell(3, 3, 4834);
data.setCell(4, 0, 4)
data.setCell(4, 1, 'loginTest')
data.setCell(4, 2, 'TestCases.TC001_SD_LoginTestDDT')
data.setCell(4, 3, 4462);
data.setCell(5, 0, 5)
data.setCell(5, 1, 'loginTest')
data.setCell(5, 2, 'TestCases.TC001_SD_LoginTestDDT')
data.setCell(5, 3, 4446);
data.setCell(6, 0, 6)
data.setCell(6, 1, 'PurchaseTest')
data.setCell(6, 2, 'TestCases.TC002_SD_PurchaseTest')
data.setCell(6, 3, 2151);
data.setCell(7, 0, 7)
data.setCell(7, 1, 'loginTest')
data.setCell(7, 2, 'TestCases.TC001_SD_LoginTestDDT')
data.setCell(7, 3, 2120);
data.setCell(8, 0, 8)
data.setCell(8, 1, 'loginTest')
data.setCell(8, 2, 'TestCases.TC001_SD_LoginTestDDT')
data.setCell(8, 3, 2084);
data.setCell(9, 0, 9)
data.setCell(9, 1, 'loginTest')
data.setCell(9, 2, 'TestCases.TC001_SD_LoginTestDDT')
data.setCell(9, 3, 2014);
data.setCell(10, 0, 10)
data.setCell(10, 1, 'loginTest')
data.setCell(10, 2, 'TestCases.TC001_SD_LoginTestDDT')
data.setCell(10, 3, 1834);
data.setCell(11, 0, 11)
data.setCell(11, 1, 'loginTest')
data.setCell(11, 2, 'TestCases.TC001_SD_LoginTestDDT')
data.setCell(11, 3, 1823);
data.setCell(12, 0, 12)
data.setCell(12, 1, 'loginTest')
data.setCell(12, 2, 'TestCases.TC001_SD_LoginTestDDT')
data.setCell(12, 3, 1754);
data.setCell(13, 0, 13)
data.setCell(13, 1, 'loginTest')
data.setCell(13, 2, 'TestCases.TC001_SD_LoginTestDDT')
data.setCell(13, 3, 990);
data.setCell(14, 0, 14)
data.setCell(14, 1, 'loginTest')
data.setCell(14, 2, 'TestCases.TC001_SD_LoginTestDDT')
data.setCell(14, 3, 418);
data.setCell(15, 0, 15)
data.setCell(15, 1, 'loginTest')
data.setCell(15, 2, 'TestCases.TC001_SD_LoginTestDDT')
data.setCell(15, 3, 350);
data.setCell(16, 0, 16)
data.setCell(16, 1, 'loginTest')
data.setCell(16, 2, 'TestCases.TC001_SD_LoginTestDDT')
data.setCell(16, 3, 350);
data.setCell(17, 0, 17)
data.setCell(17, 1, 'loginTest')
data.setCell(17, 2, 'TestCases.TC001_SD_LoginTestDDT')
data.setCell(17, 3, 341);
window.suiteTableData['CrossBrowserTest']= { tableData: data, tableDiv: 'times-div-CrossBrowserTest'}
return data;
}
              </script>
              <span class="suite-total-time">Total running time: 2 minutes</span>
              <div id="times-div-CrossBrowserTest">
              </div> <!-- times-div-CrossBrowserTest -->
            </div> <!-- times-div -->
          </div> <!-- main-panel-content rounded-window-bottom -->
        </div> <!-- panel -->
        <div panel-name="reporter-CrossBrowserTest" class="panel">
          <div class="main-panel-header rounded-window-top">
            <span class="header-content">Reporter output for CrossBrowserTest</span>
          </div> <!-- main-panel-header rounded-window-top -->
          <div class="main-panel-content rounded-window-bottom">
          </div> <!-- main-panel-content rounded-window-bottom -->
        </div> <!-- panel -->
        <div panel-name="ignored-methods-CrossBrowserTest" class="panel">
          <div class="main-panel-header rounded-window-top">
            <span class="header-content">0 ignored methods</span>
          </div> <!-- main-panel-header rounded-window-top -->
          <div class="main-panel-content rounded-window-bottom">
          </div> <!-- main-panel-content rounded-window-bottom -->
        </div> <!-- panel -->
        <div panel-name="chronological-CrossBrowserTest" class="panel">
          <div class="main-panel-header rounded-window-top">
            <span class="header-content">Methods in chronological order</span>
          </div> <!-- main-panel-header rounded-window-top -->
          <div class="main-panel-content rounded-window-bottom">
            <div class="chronological-class">
              <div class="chronological-class-name">TestCases.TC001_SD_LoginTestDDT</div> <!-- chronological-class-name -->
              <div class="configuration-class before">
                <span class="method-name">setup(windows, chrome)</span>
                <span class="method-start">0 ms</span>
              </div> <!-- configuration-class before -->
              <div class="configuration-class before">
                <span class="method-name">setup(windows, edge)</span>
                <span class="method-start">0 ms</span>
              </div> <!-- configuration-class before -->
              <div class="configuration-class before">
                <span class="method-name">setup(windows, firefox)</span>
                <span class="method-start">204 ms</span>
              </div> <!-- configuration-class before -->
              <div class="test-method">
                <img src="failed.png">
                </img>
                <span class="method-name">loginTest(standard_user, secret_sauce, valid, )</span>
                <span class="method-start">39107 ms</span>
              </div> <!-- test-method -->
              <div class="test-method">
                <img src="failed.png">
                </img>
                <span class="method-name">loginTest(standard_user, secret_sauce, valid, )</span>
                <span class="method-start">39381 ms</span>
              </div> <!-- test-method -->
              <div class="test-method">
                <img src="failed.png">
                </img>
                <span class="method-name">loginTest(afzal123, hi_anime, invalid, )</span>
                <span class="method-start">44446 ms</span>
              </div> <!-- test-method -->
              <div class="test-method">
                <img src="failed.png">
                </img>
                <span class="method-name">loginTest(afzal123, hi_anime, invalid, )</span>
                <span class="method-start">44693 ms</span>
              </div> <!-- test-method -->
              <div class="test-method">
                <img src="failed.png">
                </img>
                <span class="method-name">loginTest(hianime343, secret_sauce, inalid, )</span>
                <span class="method-start">46710 ms</span>
              </div> <!-- test-method -->
              <div class="test-method">
                <img src="failed.png">
                </img>
                <span class="method-name">loginTest(hianime343, secret_sauce, inalid, )</span>
                <span class="method-start">46889 ms</span>
              </div> <!-- test-method -->
              <div class="test-method">
                <img src="failed.png">
                </img>
                <span class="method-name">loginTest(standard_user, hello_123, invalid, )</span>
                <span class="method-start">49135 ms</span>
              </div> <!-- test-method -->
              <div class="test-method">
                <img src="failed.png">
                </img>
                <span class="method-name">loginTest(standard_user, hello_123, invalid, )</span>
                <span class="method-start">49356 ms</span>
              </div> <!-- test-method -->
              <div class="test-method">
                <img src="failed.png">
                </img>
                <span class="method-name">loginTest(, , , )</span>
                <span class="method-start">53984 ms</span>
              </div> <!-- test-method -->
              <div class="test-method">
                <img src="failed.png">
                </img>
                <span class="method-name">loginTest(, , , )</span>
                <span class="method-start">54232 ms</span>
              </div> <!-- test-method -->
              <div class="configuration-class after">
                <span class="method-name">tearDown</span>
                <span class="method-start">56522 ms</span>
              </div> <!-- configuration-class after -->
              <div class="configuration-class after">
                <img src="failed.png">
                </img>
                <span class="method-name">tearDown</span>
                <span class="method-start">56732 ms</span>
              </div> <!-- configuration-class after -->
            </div> <!-- chronological-class -->
            <div class="chronological-class">
              <div class="chronological-class-name">TestCases.TC002_SD_PurchaseTest</div> <!-- chronological-class-name -->
              <div class="configuration-class before">
                <span class="method-name">setup(windows, chrome)</span>
                <span class="method-start">58237 ms</span>
              </div> <!-- configuration-class before -->
              <div class="configuration-class before">
                <span class="method-name">setup(windows, edge)</span>
                <span class="method-start">58255 ms</span>
              </div> <!-- configuration-class before -->
              <div class="test-method">
                <img src="failed.png">
                </img>
                <span class="method-name">PurchaseTest</span>
                <span class="method-start">61055 ms</span>
              </div> <!-- test-method -->
              <div class="test-method">
                <img src="failed.png">
                </img>
                <span class="method-name">PurchaseTest</span>
                <span class="method-start">61128 ms</span>
              </div> <!-- test-method -->
              <div class="configuration-class after">
                <span class="method-name">tearDown</span>
                <span class="method-start">82055 ms</span>
              </div> <!-- configuration-class after -->
              <div class="configuration-class after">
                <img src="failed.png">
                </img>
                <span class="method-name">tearDown</span>
                <span class="method-start">82224 ms</span>
              </div> <!-- configuration-class after -->
            </div> <!-- chronological-class -->
            <div class="chronological-class">
              <div class="chronological-class-name">TestCases.TC001_SD_LoginTestDDT</div> <!-- chronological-class-name -->
              <div class="test-method">
                <span class="method-name">loginTest(standard_user, secret_sauce, valid, )</span>
                <span class="method-start">109047 ms</span>
              </div> <!-- test-method -->
              <div class="test-method">
                <img src="failed.png">
                </img>
                <span class="method-name">loginTest(afzal123, hi_anime, invalid, )</span>
                <span class="method-start">110038 ms</span>
              </div> <!-- test-method -->
              <div class="test-method">
                <img src="failed.png">
                </img>
                <span class="method-name">loginTest(hianime343, secret_sauce, inalid, )</span>
                <span class="method-start">110626 ms</span>
              </div> <!-- test-method -->
              <div class="test-method">
                <img src="failed.png">
                </img>
                <span class="method-name">loginTest(standard_user, hello_123, invalid, )</span>
                <span class="method-start">111158 ms</span>
              </div> <!-- test-method -->
              <div class="test-method">
                <img src="failed.png">
                </img>
                <span class="method-name">loginTest(, , , )</span>
                <span class="method-start">111572 ms</span>
              </div> <!-- test-method -->
              <div class="configuration-class after">
                <span class="method-name">tearDown</span>
                <span class="method-start">111973 ms</span>
              </div> <!-- configuration-class after -->
            </div> <!-- chronological-class -->
            <div class="chronological-class">
              <div class="chronological-class-name">TestCases.TC002_SD_PurchaseTest</div> <!-- chronological-class-name -->
              <div class="configuration-class before">
                <span class="method-name">setup(windows, firefox)</span>
                <span class="method-start">114211 ms</span>
              </div> <!-- configuration-class before -->
              <div class="test-method">
                <span class="method-name">PurchaseTest</span>
                <span class="method-start">119069 ms</span>
              </div> <!-- test-method -->
              <div class="configuration-class after">
                <span class="method-name">tearDown</span>
                <span class="method-start">121222 ms</span>
              </div> <!-- configuration-class after -->
          </div> <!-- main-panel-content rounded-window-bottom -->
        </div> <!-- panel -->
      </div> <!-- main-panel-root -->
    </div> <!-- wrapper -->
  </body>
<script type="text/javascript" src="testng-reports2.js"></script>
</html>
